# Port extended counters: Lid 1719 port 1 (CapMask: 0x5300 CapMask2: 0x0000002)
PortSelect:......................1
CounterSelect:...................0x0000
PortXmitData:....................36298026860928
PortRcvData:.....................12279028775751
PortXmitPkts:....................101733204203
PortRcvPkts:.....................32262508468
PortUnicastXmitPkts:.............101708165289
PortUnicastRcvPkts:..............26677661727
PortMulticastXmitPkts:...........25038914
PortMulticastRcvPkts:............5584846741
CounterSelect2:..................0x00000000
SymbolErrorCounter:..............0
LinkErrorRecoveryCounter:........0
LinkDownedCounter:...............0
PortRcvErrors:...................0
PortRcvRemotePhysicalErrors:.....0
PortRcvSwitchRelayErrors:........0
PortXmitDiscards:................0
PortXmitConstraintErrors:........0
PortRcvConstraintErrors:.........0
LocalLinkIntegrityErrors:........0
ExcessiveBufferOverrunErrors:....0
VL15Dropped:.....................0
PortXmitWait:....................22730501
QP1Dropped:......................0
# Port extended counters: Lid 1719 port 2 (CapMask: 0x5300 CapMask2: 0x0000002)
PortSelect:......................2
CounterSelect:...................0x0000
PortXmitData:....................26006570014026
PortRcvData:.....................39078804993378
PortXmitPkts:....................122978948297
PortRcvPkts:.....................93660802641
PortUnicastXmitPkts:.............122978948297
PortUnicastRcvPkts:..............93660802641
PortMulticastXmitPkts:...........0
PortMulticastRcvPkts:............0
CounterSelect2:..................0x00000000
SymbolErrorCounter:..............0
LinkErrorRecoveryCounter:........0
LinkDownedCounter:...............0
PortRcvErrors:...................0
PortRcvRemotePhysicalErrors:.....0
PortRcvSwitchRelayErrors:........0
PortXmitDiscards:................0
PortXmitConstraintErrors:........0
PortRcvConstraintErrors:.........0
LocalLinkIntegrityErrors:........0
ExcessiveBufferOverrunErrors:....0
VL15Dropped:.....................0
PortXmitWait:....................36510964
QP1Dropped:......................0

