# Port extended counters: Lid 134 port 1 (CapMask: 0x5A00 CapMask2: 0x0000000)
PortSelect:......................1
CounterSelect:...................0x0000
PortXmitData:....................9049592493976
PortRcvData:.....................9752484588300
PortXmitPkts:....................28825338611
PortRcvPkts:.....................33038722564
PortUnicastXmitPkts:.............28824617123
PortUnicastRcvPkts:..............29306563974
PortMulticastXmitPkts:...........721488
PortMulticastRcvPkts:............3732158589
CounterSelect2:..................0x00000000
SymbolErrorCounter:..............0
LinkErrorRecoveryCounter:........0
LinkDownedCounter:...............0
PortRcvErrors:...................0
PortRcvRemotePhysicalErrors:.....0
PortRcvSwitchRelayErrors:........0
PortXmitDiscards:................0
PortXmitConstraintErrors:........0
PortRcvConstraintErrors:.........0
LocalLinkIntegrityErrors:........0
ExcessiveBufferOverrunErrors:....0
VL15Dropped:.....................0
PortXmitWait:....................0
QP1Dropped:......................0

